<?xml version="1.0" encoding="UTF-8"?>
<!-- Generated by org.testng.reporters.JUnitReportReporter -->
<testsuite skipped="0" hostname="Harshi" name="Selenium.practiceSelenium" tests="2" failures="0" timestamp="05 Apr 2019 10:44:31 GMT" time="156.752" errors="0">
  <testcase name="webTableExample" time="71.572" classname="Selenium.practiceSelenium"/>
  <testcase name="verifyLinksonPage" time="85.180" classname="Selenium.practiceSelenium"/>
</testsuite> <!-- Selenium.practiceSelenium -->
