<?xml version="1.0" encoding="UTF-8"?>
<!-- Generated by org.testng.reporters.JUnitReportReporter -->
<testsuite skipped="3" hostname="Harshi" name="Selenium.firstSelenium" tests="4" failures="0" timestamp="02 Apr 2019 01:15:29 GMT" time="29.209" errors="0">
  <testcase name="BootStrapDropDown" time="29.209" classname="Selenium.firstSelenium"/>
  <testcase name="validateRadiobutton" classname="Selenium.firstSelenium">
    <skipped/>
  </testcase> <!-- validateRadiobutton -->
  <testcase name="ValidateDropDown" classname="Selenium.firstSelenium">
    <skipped/>
  </testcase> <!-- ValidateDropDown -->
  <testcase name="Test" classname="Selenium.firstSelenium">
    <skipped/>
  </testcase> <!-- Test -->
</testsuite> <!-- Selenium.firstSelenium -->
