<?xml version="1.0" encoding="UTF-8"?>
<!-- Generated by org.testng.reporters.JUnitReportReporter -->
<testsuite skipped="0" hostname="Harshi" name="javaPra.excelTest" tests="1" failures="0" timestamp="02 Apr 2019 08:02:11 GMT" time="0.937" errors="0">
  <testcase name="TestExcel" time="0.937" classname="javaPra.excelTest"/>
</testsuite> <!-- javaPra.excelTest -->
