<?xml version="1.0" encoding="UTF-8"?>
<!-- Generated by org.testng.reporters.JUnitReportReporter -->
<testsuite skipped="0" hostname="Harshi" name="Selenium.dataDrivenExample" tests="4" failures="0" timestamp="05 Apr 2019 11:22:07 GMT" time="89.561" errors="0">
  <testcase name="testDatafromDataProvider" time="0.001" classname="Selenium.dataDrivenExample"/>
  <testcase name="facebookTest" time="50.455" classname="Selenium.dataDrivenExample"/>
  <testcase name="facebookTest" time="39.105" classname="Selenium.dataDrivenExample"/>
  <testcase name="testDatafromDataProvider" time="0.000" classname="Selenium.dataDrivenExample"/>
</testsuite> <!-- Selenium.dataDrivenExample -->
